app/manifest-merger-release-report.txt
-- Merging decision tree log ---
manifest
ADDED from AndroidManifest.xml:2:1
	package
		ADDED from AndroidManifest.xml:4:5
		INJECTED from AndroidManifest.xml:0:0
		INJECTED from AndroidManifest.xml:0:0
	android:versionName
		INJECTED from AndroidManifest.xml:0:0
		INJECTED from AndroidManifest.xml:0:0
	xmlns:tools
		ADDED from AndroidManifest.xml:3:5
	xmlns:android
		ADDED from AndroidManifest.xml:2:11
	android:versionCode
		INJECTED from AndroidManifest.xml:0:0
		INJECTED from AndroidManifest.xml:0:0
application
ADDED from AndroidManifest.xml:6:5
MERGED from com.clover.sdk:clover-android-sdk:42:19:3
MERGED from com.android.support:support-v4:20.0.0:17:5
MERGED from com.bitpay:android-sdk:1.0.0:14:5
	android:label
		ADDED from AndroidManifest.xml:10:9
		REJECTED from com.clover.sdk:clover-android-sdk:42:19:43
	android:allowBackup
		ADDED from AndroidManifest.xml:8:9
	android:icon
		ADDED from AndroidManifest.xml:9:9
	android:theme
		ADDED from AndroidManifest.xml:11:9
	tools:replace
		ADDED from AndroidManifest.xml:7:9
activity#com.bitpay.bitpayforclover.ConfigureActivity
ADDED from AndroidManifest.xml:12:9
	android:label
		ADDED from AndroidManifest.xml:14:13
	android:name
		ADDED from AndroidManifest.xml:13:13
intent-filter#android.intent.action.MAIN+android.intent.category.LAUNCHER
ADDED from AndroidManifest.xml:15:13
action#android.intent.action.MAIN
ADDED from AndroidManifest.xml:16:17
	android:name
		ADDED from AndroidManifest.xml:16:25
category#android.intent.category.LAUNCHER
ADDED from AndroidManifest.xml:18:17
	android:name
		ADDED from AndroidManifest.xml:18:27
uses-sdk
INJECTED from AndroidManifest.xml:0:0 reason: use-sdk injection requested
MERGED from com.clover.sdk:clover-android-sdk:42:17:3
MERGED from com.android.support:support-v4:20.0.0:16:5
MERGED from com.bitpay:android-sdk:1.0.0:10:5
	android:targetSdkVersion
		INJECTED from AndroidManifest.xml:0:0
		INJECTED from AndroidManifest.xml:0:0
	android:minSdkVersion
		INJECTED from AndroidManifest.xml:0:0
		INJECTED from AndroidManifest.xml:0:0
uses-permission#android.permission.INTERNET
ADDED from com.bitpay:android-sdk:1.0.0:7:5
	android:name
		ADDED from com.bitpay:android-sdk:1.0.0:7:22
uses-permission#android.permission.NFC
ADDED from com.bitpay:android-sdk:1.0.0:8:5
	android:name
		ADDED from com.bitpay:android-sdk:1.0.0:8:22
activity#com.bitpay.sdk.android.InvoiceActivity
ADDED from com.bitpay:android-sdk:1.0.0:15:9
	android:label
		ADDED from com.bitpay:android-sdk:1.0.0:17:13
	android:theme
		ADDED from com.bitpay:android-sdk:1.0.0:18:13
	android:name
		ADDED from com.bitpay:android-sdk:1.0.0:16:13